[2025-04-13 17:01:13]  Execução iniciada: 2025-04-13_17-01-13
[2025-04-13 17:01:13]  Coletando página 1...
[2025-04-13 17:01:13]  Coletando página 2...
[2025-04-13 17:01:14]  Coletando página 3...
[2025-04-13 17:01:15]  Coletando página 4...
[2025-04-13 17:01:16]  Coletando página 5...
[2025-04-13 17:01:16]  Coletando página 6...
[2025-04-13 17:01:17]  Coletando página 7...
[2025-04-13 17:01:18]  Coletando página 8...
[2025-04-13 17:01:18]  Coletando página 9...
[2025-04-13 17:01:19]  Coletando página 10...
[2025-04-13 17:01:20]  Coletando página 11...
[2025-04-13 17:01:21]  Coletando página 12...
[2025-04-13 17:01:21]  Coletando página 13...
[2025-04-13 17:01:22]  Coletando página 14...
[2025-04-13 17:01:23]  Coletando página 15...
[2025-04-13 17:01:24]  Coletando página 16...
[2025-04-13 17:01:25]  Coletando página 17...
[2025-04-13 17:01:26]  Coletando página 18...
[2025-04-13 17:01:27]  Coletando página 19...
[2025-04-13 17:01:27]  Coletando página 20...
[2025-04-13 17:01:28]  Coletando página 21...
[2025-04-13 17:01:28]  Coletando página 22...
[2025-04-13 17:01:29]  Coletando página 23...
[2025-04-13 17:01:30]  Coletando página 24...
[2025-04-13 17:01:31]  Coletando página 25...
[2025-04-13 17:01:31]  Coletando página 26...
[2025-04-13 17:01:32]  Coletando página 27...
[2025-04-13 17:01:33]  Coletando página 28...
[2025-04-13 17:01:34]  Coletando página 29...
[2025-04-13 17:01:35]  Coletando página 30...
[2025-04-13 17:01:35]  Coletando página 31...
[2025-04-13 17:01:36]  Coletando página 32...
[2025-04-13 17:01:37]  Coletando página 33...
[2025-04-13 17:01:38]  Coletando página 34...
[2025-04-13 17:01:39]  Coletando página 35...
[2025-04-13 17:01:39]  Coletando página 36...
[2025-04-13 17:01:40]  Coletando página 37...
[2025-04-13 17:01:41]  Coletando página 38...
[2025-04-13 17:01:42]  Coletando página 39...
[2025-04-13 17:01:43]  Coletando página 40...
[2025-04-13 17:01:43]  Coletando página 41...
[2025-04-13 17:01:44]  Coletando página 42...
[2025-04-13 17:01:45]  Coletando página 43...
[2025-04-13 17:01:46]  Coletando página 44...
[2025-04-13 17:01:47]  Coletando página 45...
[2025-04-13 17:01:47]  Coletando página 46...
[2025-04-13 17:01:48]  Coletando página 47...
[2025-04-13 17:01:49]  Coletando página 48...
[2025-04-13 17:01:50]  Coletando página 49...
[2025-04-13 17:01:51]  Coletando página 50...
[2025-04-13 17:01:51]  Coletando página 51...
[2025-04-13 17:01:52]  Coletando página 52...
[2025-04-13 17:01:53]  Coletando página 53...
[2025-04-13 17:01:54]  Coletando página 54...
[2025-04-13 17:01:54]  Coletando página 55...
[2025-04-13 17:01:55]  Coletando página 56...
[2025-04-13 17:01:56]  Coletando página 57...
[2025-04-13 17:01:56]  Coletando página 58...
[2025-04-13 17:01:57]  Coletando página 59...
[2025-04-13 17:01:58]  Coletando página 60...
[2025-04-13 17:01:59]  Coletando página 61...
[2025-04-13 17:02:00]  Coletando página 62...
[2025-04-13 17:02:01]  Coletando página 63...
[2025-04-13 17:02:01]  Coletando página 64...
[2025-04-13 17:02:02]  Coletando página 65...
[2025-04-13 17:02:03]  Coletando página 66...
[2025-04-13 17:02:04]  Coletando página 67...
[2025-04-13 17:02:04]  Coletando página 68...
[2025-04-13 17:02:05]  Coletando página 69...
[2025-04-13 17:02:06]  Coletando página 70...
[2025-04-13 17:02:07]  Coletando página 71...
[2025-04-13 17:02:07]  Coletando página 72...
[2025-04-13 17:02:08]  Coletando página 73...
[2025-04-13 17:02:09]  Coletando página 74...
[2025-04-13 17:02:10]  Coletando página 75...
[2025-04-13 17:02:10]  Coletando página 76...
[2025-04-13 17:02:11]  Coletando página 77...
[2025-04-13 17:02:12]  Coletando página 78...
[2025-04-13 17:02:12]  Coletando página 79...
[2025-04-13 17:02:13]  Coletando página 80...
[2025-04-13 17:02:13]  Coletando página 81...
[2025-04-13 17:02:14]  Coletando página 82...
[2025-04-13 17:02:15]  Coletando página 83...
[2025-04-13 17:02:15]  Coletando página 84...
[2025-04-13 17:02:16]  Coletando página 85...
[2025-04-13 17:02:17]  Coletando página 86...
[2025-04-13 17:02:18]  Coletando página 87...
[2025-04-13 17:02:18]  Coletando página 88...
[2025-04-13 17:02:19]  Coletando página 89...
[2025-04-13 17:02:19]  Coletando página 90...
[2025-04-13 17:02:20]  Coletando página 91...
[2025-04-13 17:02:21]  Coletando página 92...
[2025-04-13 17:02:21]  Coletando página 93...
[2025-04-13 17:02:22]  Coletando página 94...
[2025-04-13 17:02:23]  Coletando página 95...
[2025-04-13 17:02:24]  Coletando página 96...
[2025-04-13 17:02:25]  Coletando página 97...
[2025-04-13 17:02:25]  Coletando página 98...
[2025-04-13 17:02:26]  Coletando página 99...
[2025-04-13 17:02:27]  Coletando página 100...
[2025-04-13 17:02:28]  Coletando página 101...
[2025-04-13 17:02:29]  Coletando página 102...
[2025-04-13 17:02:29]  Coletando página 103...
[2025-04-13 17:02:30]  Coletando página 104...
[2025-04-13 17:02:31]  Coletando página 105...
[2025-04-13 17:02:31]  Coletando página 106...
[2025-04-13 17:02:32]  Coletando página 107...
[2025-04-13 17:02:33]  Coletando página 108...
[2025-04-13 17:02:34]  Coletando página 109...
[2025-04-13 17:02:34]  Coletando página 110...
[2025-04-13 17:02:35]  Coletando página 111...
[2025-04-13 17:02:36]  Coletando página 112...
[2025-04-13 17:02:37]  Coletando página 113...
[2025-04-13 17:02:38]  Coletando página 114...
[2025-04-13 17:02:38]  Coletando página 115...
[2025-04-13 17:02:39]  Coletando página 116...
[2025-04-13 17:02:40]  Coletando página 117...
[2025-04-13 17:02:40]  Coletando página 118...
[2025-04-13 17:02:41]  Coletando página 119...
[2025-04-13 17:02:42]  Coletando página 120...
[2025-04-13 17:02:42]  Coletando página 121...
[2025-04-13 17:02:43]  Coletando página 122...
[2025-04-13 17:02:44]  Coletando página 123...
[2025-04-13 17:02:44]  Coletando página 124...
[2025-04-13 17:02:45]  Coletando página 125...
[2025-04-13 17:02:46]  Coletando página 126...
[2025-04-13 17:02:47]  Coletando página 127...
[2025-04-13 17:02:47]  Coletando página 128...
[2025-04-13 17:02:48]  Coletando página 129...
[2025-04-13 17:02:49]  Coletando página 130...
[2025-04-13 17:02:49]  Coletando página 131...
[2025-04-13 17:02:50]  Coletando página 132...
[2025-04-13 17:02:51]  Coletando página 133...
[2025-04-13 17:02:52]  Coletando página 134...
[2025-04-13 17:02:53]  Coletando página 135...
[2025-04-13 17:02:54]  Coletando página 136...
[2025-04-13 17:02:54]  Coletando página 137...
[2025-04-13 17:02:55]  Coletando página 138...
[2025-04-13 17:02:56]  Coletando página 139...
[2025-04-13 17:02:57]  Coletando página 140...
[2025-04-13 17:02:58]  Coletando página 141...
[2025-04-13 17:02:58]  Coletando página 142...
[2025-04-13 17:02:59]  Coletando página 143...
[2025-04-13 17:03:00]  Coletando página 144...
[2025-04-13 17:03:01]  Coletando página 145...
[2025-04-13 17:03:01]  Coletando página 146...
[2025-04-13 17:03:02]  Coletando página 147...
[2025-04-13 17:03:03]  Coletando página 148...
[2025-04-13 17:03:04]  Coletando página 149...
[2025-04-13 17:03:04]  Coletando página 150...
[2025-04-13 17:03:05]  Coletando página 151...
[2025-04-13 17:03:06]  Coletando página 152...
[2025-04-13 17:03:06]  Coletando página 153...
[2025-04-13 17:03:07]  Coletando página 154...
[2025-04-13 17:03:08]  Coletando página 155...
[2025-04-13 17:03:08]  Coletando página 156...
[2025-04-13 17:03:09]  Coletando página 157...
[2025-04-13 17:03:10]  Coletando página 158...
[2025-04-13 17:03:11]  Coletando página 159...
[2025-04-13 17:03:11]  Coletando página 160...
[2025-04-13 17:03:12]  Coletando página 161...
[2025-04-13 17:03:13]  Coletando página 162...
[2025-04-13 17:03:14]  Coletando página 163...
[2025-04-13 17:03:15]  Coletando página 164...
[2025-04-13 17:03:16]  Coletando página 165...
[2025-04-13 17:03:16]  Coletando página 166...
[2025-04-13 17:03:17]  Coletando página 167...
[2025-04-13 17:03:18]  Coletando página 168...
[2025-04-13 17:03:18]  Coletando página 169...
[2025-04-13 17:03:21]  Arquivo JSON salvo em: data/bronze/2025-04-13_17-01-13\breweries_raw.json
[2025-04-13 17:03:21]  Arquivo CSV salvo em: data/bronze/2025-04-13_17-01-13\breweries_raw.csv
[2025-04-13 17:03:21]  Total de registros extraídos: 8369
[2025-04-13 17:03:21]  Extração finalizada com sucesso.
