[2025-04-13 16:14:24]  Execução iniciada: 2025-04-13_16-14-24
[2025-04-13 16:14:24]  Coletando página 1...
[2025-04-13 16:14:25]  Coletando página 2...
[2025-04-13 16:14:25]  Coletando página 3...
[2025-04-13 16:14:25]  Coletando página 4...
[2025-04-13 16:14:26]  Coletando página 5...
[2025-04-13 16:14:26]  Coletando página 6...
[2025-04-13 16:14:26]  Coletando página 7...
[2025-04-13 16:14:27]  Coletando página 8...
[2025-04-13 16:14:27]  Coletando página 9...
[2025-04-13 16:14:27]  Coletando página 10...
[2025-04-13 16:14:28]  Coletando página 11...
[2025-04-13 16:14:28]  Coletando página 12...
[2025-04-13 16:14:28]  Coletando página 13...
[2025-04-13 16:14:29]  Coletando página 14...
[2025-04-13 16:14:29]  Coletando página 15...
[2025-04-13 16:14:29]  Coletando página 16...
[2025-04-13 16:14:30]  Coletando página 17...
[2025-04-13 16:14:30]  Coletando página 18...
[2025-04-13 16:14:30]  Coletando página 19...
[2025-04-13 16:14:30]  Coletando página 20...
[2025-04-13 16:14:31]  Coletando página 21...
[2025-04-13 16:14:31]  Coletando página 22...
[2025-04-13 16:14:31]  Coletando página 23...
[2025-04-13 16:14:32]  Coletando página 24...
[2025-04-13 16:14:32]  Coletando página 25...
[2025-04-13 16:14:32]  Coletando página 26...
[2025-04-13 16:14:33]  Coletando página 27...
[2025-04-13 16:14:33]  Coletando página 28...
[2025-04-13 16:14:33]  Coletando página 29...
[2025-04-13 16:14:34]  Coletando página 30...
[2025-04-13 16:14:34]  Coletando página 31...
[2025-04-13 16:14:34]  Coletando página 32...
[2025-04-13 16:14:35]  Coletando página 33...
[2025-04-13 16:14:35]  Coletando página 34...
[2025-04-13 16:14:35]  Coletando página 35...
[2025-04-13 16:14:36]  Coletando página 36...
[2025-04-13 16:14:36]  Coletando página 37...
[2025-04-13 16:14:36]  Coletando página 38...
[2025-04-13 16:14:37]  Coletando página 39...
[2025-04-13 16:14:37]  Coletando página 40...
[2025-04-13 16:14:37]  Coletando página 41...
[2025-04-13 16:14:38]  Coletando página 42...
[2025-04-13 16:14:38]  Coletando página 43...
[2025-04-13 16:14:38]  Coletando página 44...
[2025-04-13 16:14:39]  Coletando página 45...
[2025-04-13 16:14:39]  Coletando página 46...
[2025-04-13 16:14:39]  Coletando página 47...
[2025-04-13 16:14:40]  Coletando página 48...
[2025-04-13 16:14:40]  Coletando página 49...
[2025-04-13 16:14:40]  Coletando página 50...
[2025-04-13 16:14:40]  Coletando página 51...
[2025-04-13 16:14:41]  Coletando página 52...
[2025-04-13 16:14:41]  Coletando página 53...
[2025-04-13 16:14:42]  Coletando página 54...
[2025-04-13 16:14:42]  Coletando página 55...
[2025-04-13 16:14:42]  Coletando página 56...
[2025-04-13 16:14:43]  Coletando página 57...
[2025-04-13 16:14:43]  Coletando página 58...
[2025-04-13 16:14:43]  Coletando página 59...
[2025-04-13 16:14:43]  Coletando página 60...
[2025-04-13 16:14:44]  Coletando página 61...
[2025-04-13 16:14:44]  Coletando página 62...
[2025-04-13 16:14:44]  Coletando página 63...
[2025-04-13 16:14:45]  Coletando página 64...
[2025-04-13 16:14:45]  Coletando página 65...
[2025-04-13 16:14:45]  Coletando página 66...
[2025-04-13 16:14:46]  Coletando página 67...
[2025-04-13 16:14:46]  Coletando página 68...
[2025-04-13 16:14:46]  Coletando página 69...
[2025-04-13 16:14:47]  Coletando página 70...
[2025-04-13 16:14:47]  Coletando página 71...
[2025-04-13 16:14:47]  Coletando página 72...
[2025-04-13 16:14:48]  Coletando página 73...
[2025-04-13 16:14:48]  Coletando página 74...
[2025-04-13 16:14:48]  Coletando página 75...
[2025-04-13 16:14:49]  Coletando página 76...
[2025-04-13 16:14:49]  Coletando página 77...
[2025-04-13 16:14:49]  Coletando página 78...
[2025-04-13 16:14:50]  Coletando página 79...
[2025-04-13 16:14:50]  Coletando página 80...
[2025-04-13 16:14:50]  Coletando página 81...
[2025-04-13 16:14:51]  Coletando página 82...
[2025-04-13 16:14:51]  Coletando página 83...
[2025-04-13 16:14:51]  Coletando página 84...
[2025-04-13 16:14:52]  Coletando página 85...
[2025-04-13 16:14:52]  Coletando página 86...
[2025-04-13 16:14:52]  Coletando página 87...
[2025-04-13 16:14:53]  Coletando página 88...
[2025-04-13 16:14:53]  Coletando página 89...
[2025-04-13 16:14:53]  Coletando página 90...
[2025-04-13 16:14:54]  Coletando página 91...
[2025-04-13 16:14:54]  Coletando página 92...
[2025-04-13 16:14:54]  Coletando página 93...
[2025-04-13 16:14:54]  Coletando página 94...
[2025-04-13 16:14:55]  Coletando página 95...
[2025-04-13 16:14:55]  Coletando página 96...
[2025-04-13 16:14:55]  Coletando página 97...
[2025-04-13 16:14:56]  Coletando página 98...
[2025-04-13 16:14:56]  Coletando página 99...
[2025-04-13 16:14:56]  Coletando página 100...
[2025-04-13 16:14:57]  Coletando página 101...
[2025-04-13 16:14:57]  Coletando página 102...
[2025-04-13 16:14:58]  Coletando página 103...
[2025-04-13 16:14:58]  Coletando página 104...
[2025-04-13 16:14:58]  Coletando página 105...
[2025-04-13 16:14:59]  Coletando página 106...
[2025-04-13 16:14:59]  Coletando página 107...
[2025-04-13 16:14:59]  Coletando página 108...
[2025-04-13 16:15:00]  Coletando página 109...
[2025-04-13 16:15:00]  Coletando página 110...
[2025-04-13 16:15:00]  Coletando página 111...
[2025-04-13 16:15:01]  Coletando página 112...
[2025-04-13 16:15:01]  Coletando página 113...
[2025-04-13 16:15:01]  Coletando página 114...
[2025-04-13 16:15:02]  Coletando página 115...
[2025-04-13 16:15:02]  Coletando página 116...
[2025-04-13 16:15:02]  Coletando página 117...
[2025-04-13 16:15:03]  Coletando página 118...
[2025-04-13 16:15:03]  Coletando página 119...
[2025-04-13 16:15:03]  Coletando página 120...
[2025-04-13 16:15:04]  Coletando página 121...
[2025-04-13 16:15:04]  Coletando página 122...
[2025-04-13 16:15:04]  Coletando página 123...
[2025-04-13 16:15:05]  Coletando página 124...
[2025-04-13 16:15:05]  Coletando página 125...
[2025-04-13 16:15:05]  Coletando página 126...
[2025-04-13 16:15:06]  Coletando página 127...
[2025-04-13 16:15:06]  Coletando página 128...
[2025-04-13 16:15:06]  Coletando página 129...
[2025-04-13 16:15:07]  Coletando página 130...
[2025-04-13 16:15:07]  Coletando página 131...
[2025-04-13 16:15:07]  Coletando página 132...
[2025-04-13 16:15:08]  Coletando página 133...
[2025-04-13 16:15:08]  Coletando página 134...
[2025-04-13 16:15:08]  Coletando página 135...
[2025-04-13 16:15:09]  Coletando página 136...
[2025-04-13 16:15:09]  Coletando página 137...
[2025-04-13 16:15:09]  Coletando página 138...
[2025-04-13 16:15:10]  Coletando página 139...
[2025-04-13 16:15:10]  Coletando página 140...
[2025-04-13 16:15:10]  Coletando página 141...
[2025-04-13 16:15:10]  Coletando página 142...
[2025-04-13 16:15:11]  Coletando página 143...
[2025-04-13 16:15:11]  Coletando página 144...
[2025-04-13 16:15:12]  Coletando página 145...
[2025-04-13 16:15:12]  Coletando página 146...
[2025-04-13 16:15:12]  Coletando página 147...
[2025-04-13 16:15:13]  Coletando página 148...
[2025-04-13 16:15:13]  Coletando página 149...
[2025-04-13 16:15:13]  Coletando página 150...
[2025-04-13 16:15:13]  Coletando página 151...
[2025-04-13 16:15:14]  Coletando página 152...
[2025-04-13 16:15:14]  Coletando página 153...
[2025-04-13 16:15:14]  Coletando página 154...
[2025-04-13 16:15:15]  Coletando página 155...
[2025-04-13 16:15:15]  Coletando página 156...
[2025-04-13 16:15:15]  Coletando página 157...
[2025-04-13 16:15:16]  Coletando página 158...
[2025-04-13 16:15:16]  Coletando página 159...
[2025-04-13 16:15:17]  Coletando página 160...
[2025-04-13 16:15:17]  Coletando página 161...
[2025-04-13 16:15:17]  Coletando página 162...
[2025-04-13 16:15:18]  Coletando página 163...
[2025-04-13 16:15:18]  Coletando página 164...
[2025-04-13 16:15:18]  Coletando página 165...
[2025-04-13 16:15:19]  Coletando página 166...
[2025-04-13 16:15:19]  Coletando página 167...
[2025-04-13 16:15:19]  Coletando página 168...
[2025-04-13 16:15:20]  Coletando página 169...
[2025-04-13 16:15:22]  Arquivo JSON salvo em: data/bronze/2025-04-13_16-14-24\breweries_raw.json
[2025-04-13 16:15:22]  Arquivo CSV salvo em: data/bronze/2025-04-13_16-14-24\breweries_raw.csv
[2025-04-13 16:15:22]  Total de registros extraídos: 8369
[2025-04-13 16:15:22]  Extração finalizada com sucesso.
